<?xml version="1.0" encoding="UTF-8"?>
<!-- Generated by org.testng.reporters.JUnitReportReporter -->
<testsuite hostname="Gajjar-PC" failures="0" tests="3" name="testClasses.ProductJourneyFlow" time="75.586" errors="0" timestamp="2025-06-15T18:09:42 IST" skipped="0">
  <testcase classname="testClasses.ProductJourneyFlow" name="ProductCatalogue" time="25.374"/>
  <testcase classname="testClasses.ProductJourneyFlow" name="ProductCatalogue" time="22.667"/>
  <testcase classname="testClasses.ProductJourneyFlow" name="ProductCatalogue" time="27.545"/>
</testsuite> <!-- testClasses.ProductJourneyFlow -->
