<?xml version="1.0" encoding="UTF-8"?>
<!-- Generated by org.testng.reporters.JUnitReportReporter -->
<testsuite hostname="Gajjar-PC" failures="0" tests="3" name="testClasses.MultipleProductJourneyFlow" time="156.852" errors="0" timestamp="2025-06-21T14:49:05 IST" skipped="0">
  <testcase classname="testClasses.MultipleProductJourneyFlow" name="ProductCatalogue" time="42.619"/>
  <testcase classname="testClasses.MultipleProductJourneyFlow" name="ProductCatalogue" time="69.495"/>
  <testcase classname="testClasses.MultipleProductJourneyFlow" name="ProductCatalogue" time="44.738"/>
</testsuite> <!-- testClasses.MultipleProductJourneyFlow -->
