<?xml version="1.0" encoding="UTF-8"?>
<!-- Generated by org.testng.reporters.JUnitReportReporter -->
<testsuite hostname="Gajjar-PC" failures="0" tests="3" name="testClasses.MultipleProductJourneyFlow" time="98.346" errors="0" timestamp="2025-06-21T18:15:21 IST" skipped="0">
  <testcase classname="testClasses.MultipleProductJourneyFlow" name="ProductCatalogue" time="32.279"/>
  <testcase classname="testClasses.MultipleProductJourneyFlow" name="ProductCatalogue" time="30.098"/>
  <testcase classname="testClasses.MultipleProductJourneyFlow" name="ProductCatalogue" time="35.969"/>
</testsuite> <!-- testClasses.MultipleProductJourneyFlow -->
